<?xml version="1.0" encoding="UTF-8"?>
<testsuite xmlns:xsi="http://www.w3.org/2001/XMLSchema-instance" xsi:noNamespaceSchemaLocation="https://maven.apache.org/surefire/maven-surefire-plugin/xsd/surefire-test-report-3.0.xsd" version="3.0" name="com.udacity.catpoint.application.SecurityServiceTest" time="2.048" tests="27" errors="0" skipped="0" failures="0">
  <properties>
    <property name="java.specification.version" value="17"/>
    <property name="sun.jnu.encoding" value="UTF-8"/>
    <property name="java.class.path" value="/Users/alexandr/IdeaProjects/UdaSecutityModules/securityservice/target/test-classes:/Users/alexandr/.m2/repository/com/google/api/api-common/2.6.2/api-common-2.6.2.jar:/Users/alexandr/.m2/repository/com/google/guava/failureaccess/1.0.1/failureaccess-1.0.1.jar:/Users/alexandr/.m2/repository/com/google/guava/listenablefuture/9999.0-empty-to-avoid-conflict-with-guava/listenablefuture-9999.0-empty-to-avoid-conflict-with-guava.jar:/Users/alexandr/.m2/repository/org/checkerframework/checker-qual/3.12.0/checker-qual-3.12.0.jar:/Users/alexandr/.m2/repository/com/google/j2objc/j2objc-annotations/1.3/j2objc-annotations-1.3.jar:/Users/alexandr/.m2/repository/com/google/auto/value/auto-value-annotations/1.10.1/auto-value-annotations-1.10.1.jar:/Users/alexandr/.m2/repository/com/google/auto/value/auto-value/1.10.1/auto-value-1.10.1.jar:/Users/alexandr/.m2/repository/com/google/code/findbugs/jsr305/3.0.2/jsr305-3.0.2.jar:/Users/alexandr/.m2/repository/javax/annotation/javax.annotation-api/1.3.2/javax.annotation-api-1.3.2.jar:/Users/alexandr/.m2/repository/com/google/errorprone/error_prone_annotations/2.18.0/error_prone_annotations-2.18.0.jar:/Users/alexandr/.m2/repository/software/amazon/awssdk/annotations/2.20.17/annotations-2.20.17.jar:/Users/alexandr/.m2/repository/software/amazon/awssdk/utils/2.20.17/utils-2.20.17.jar:/Users/alexandr/.m2/repository/org/reactivestreams/reactive-streams/1.0.3/reactive-streams-1.0.3.jar:/Users/alexandr/.m2/repository/software/amazon/awssdk/profiles/2.20.17/profiles-2.20.17.jar:/Users/alexandr/.m2/repository/software/amazon/awssdk/http-client-spi/2.20.17/http-client-spi-2.20.17.jar:/Users/alexandr/.m2/repository/software/amazon/awssdk/json-utils/2.20.17/json-utils-2.20.17.jar:/Users/alexandr/.m2/repository/software/amazon/awssdk/third-party-jackson-core/2.20.17/third-party-jackson-core-2.20.17.jar:/Users/alexandr/.m2/repository/software/amazon/eventstream/eventstream/1.0.1/eventstream-1.0.1.jar:/Users/alexandr/.m2/repository/software/amazon/awssdk/aws-json-protocol/2.20.17/aws-json-protocol-2.20.17.jar:/Users/alexandr/.m2/repository/software/amazon/awssdk/protocol-core/2.20.17/protocol-core-2.20.17.jar:/Users/alexandr/.m2/repository/software/amazon/awssdk/aws-core/2.20.17/aws-core-2.20.17.jar:/Users/alexandr/.m2/repository/software/amazon/awssdk/metrics-spi/2.20.17/metrics-spi-2.20.17.jar:/Users/alexandr/.m2/repository/software/amazon/awssdk/endpoints-spi/2.20.17/endpoints-spi-2.20.17.jar:/Users/alexandr/.m2/repository/software/amazon/awssdk/apache-client/2.20.17/apache-client-2.20.17.jar:/Users/alexandr/.m2/repository/org/apache/httpcomponents/httpclient/4.5.13/httpclient-4.5.13.jar:/Users/alexandr/.m2/repository/commons-logging/commons-logging/1.2/commons-logging-1.2.jar:/Users/alexandr/.m2/repository/org/apache/httpcomponents/httpcore/4.4.13/httpcore-4.4.13.jar:/Users/alexandr/.m2/repository/commons-codec/commons-codec/1.15/commons-codec-1.15.jar:/Users/alexandr/.m2/repository/software/amazon/awssdk/netty-nio-client/2.20.17/netty-nio-client-2.20.17.jar:/Users/alexandr/.m2/repository/io/netty/netty-codec-http/4.1.86.Final/netty-codec-http-4.1.86.Final.jar:/Users/alexandr/.m2/repository/io/netty/netty-codec-http2/4.1.86.Final/netty-codec-http2-4.1.86.Final.jar:/Users/alexandr/.m2/repository/io/netty/netty-codec/4.1.86.Final/netty-codec-4.1.86.Final.jar:/Users/alexandr/.m2/repository/io/netty/netty-transport/4.1.86.Final/netty-transport-4.1.86.Final.jar:/Users/alexandr/.m2/repository/io/netty/netty-resolver/4.1.86.Final/netty-resolver-4.1.86.Final.jar:/Users/alexandr/.m2/repository/io/netty/netty-common/4.1.86.Final/netty-common-4.1.86.Final.jar:/Users/alexandr/.m2/repository/io/netty/netty-buffer/4.1.86.Final/netty-buffer-4.1.86.Final.jar:/Users/alexandr/.m2/repository/io/netty/netty-handler/4.1.86.Final/netty-handler-4.1.86.Final.jar:/Users/alexandr/.m2/repository/io/netty/netty-transport-native-unix-common/4.1.86.Final/netty-transport-native-unix-common-4.1.86.Final.jar:/Users/alexandr/.m2/repository/io/netty/netty-transport-classes-epoll/4.1.86.Final/netty-transport-classes-epoll-4.1.86.Final.jar:/Users/alexandr/.m2/repository/org/junit/jupiter/junit-jupiter-api/5.9.2/junit-jupiter-api-5.9.2.jar:/Users/alexandr/.m2/repository/org/opentest4j/opentest4j/1.2.0/opentest4j-1.2.0.jar:/Users/alexandr/.m2/repository/org/junit/platform/junit-platform-commons/1.9.2/junit-platform-commons-1.9.2.jar:/Users/alexandr/.m2/repository/org/apiguardian/apiguardian-api/1.1.2/apiguardian-api-1.1.2.jar:/Users/alexandr/.m2/repository/org/mockito/mockito-junit-jupiter/5.1.1/mockito-junit-jupiter-5.1.1.jar:/Users/alexandr/.m2/repository/org/mockito/mockito-core/5.1.1/mockito-core-5.1.1.jar:/Users/alexandr/.m2/repository/net/bytebuddy/byte-buddy/1.12.22/byte-buddy-1.12.22.jar:/Users/alexandr/.m2/repository/net/bytebuddy/byte-buddy-agent/1.12.22/byte-buddy-agent-1.12.22.jar:/Users/alexandr/.m2/repository/org/objenesis/objenesis/3.3/objenesis-3.3.jar:/Users/alexandr/.m2/repository/org/junit/jupiter/junit-jupiter-params/5.9.2/junit-jupiter-params-5.9.2.jar:"/>
    <property name="java.vm.vendor" value="Oracle Corporation"/>
    <property name="sun.arch.data.model" value="64"/>
    <property name="sun.font.fontmanager" value="sun.font.CFontManager"/>
    <property name="java.vendor.url" value="https://java.oracle.com/"/>
    <property name="user.timezone" value="Asia/Yekaterinburg"/>
    <property name="os.name" value="Mac OS X"/>
    <property name="java.vm.specification.version" value="17"/>
    <property name="sun.java.launcher" value="SUN_STANDARD"/>
    <property name="user.country" value="RU"/>
    <property name="sun.boot.library.path" value="/Users/alexandr/Library/Java/JavaVirtualMachines/openjdk-17.0.2/Contents/Home/lib"/>
    <property name="sun.java.command" value="org.apache.maven.surefire.booter.ForkedBooter /Users/alexandr/IdeaProjects/UdaSecutityModules/securityservice/target/surefire 2023-03-20T11-23-37_150-jvmRun1 surefire-20230320112338556_1tmp surefire_0-20230320112338556_2tmp"/>
    <property name="jdk.debug" value="release"/>
    <property name="surefire.test.class.path" value="/Users/alexandr/IdeaProjects/UdaSecutityModules/securityservice/target/test-classes:/Users/alexandr/.m2/repository/com/google/api/api-common/2.6.2/api-common-2.6.2.jar:/Users/alexandr/.m2/repository/com/google/guava/failureaccess/1.0.1/failureaccess-1.0.1.jar:/Users/alexandr/.m2/repository/com/google/guava/listenablefuture/9999.0-empty-to-avoid-conflict-with-guava/listenablefuture-9999.0-empty-to-avoid-conflict-with-guava.jar:/Users/alexandr/.m2/repository/org/checkerframework/checker-qual/3.12.0/checker-qual-3.12.0.jar:/Users/alexandr/.m2/repository/com/google/j2objc/j2objc-annotations/1.3/j2objc-annotations-1.3.jar:/Users/alexandr/.m2/repository/com/google/auto/value/auto-value-annotations/1.10.1/auto-value-annotations-1.10.1.jar:/Users/alexandr/.m2/repository/com/google/auto/value/auto-value/1.10.1/auto-value-1.10.1.jar:/Users/alexandr/.m2/repository/com/google/code/findbugs/jsr305/3.0.2/jsr305-3.0.2.jar:/Users/alexandr/.m2/repository/javax/annotation/javax.annotation-api/1.3.2/javax.annotation-api-1.3.2.jar:/Users/alexandr/.m2/repository/com/google/errorprone/error_prone_annotations/2.18.0/error_prone_annotations-2.18.0.jar:/Users/alexandr/.m2/repository/software/amazon/awssdk/annotations/2.20.17/annotations-2.20.17.jar:/Users/alexandr/.m2/repository/software/amazon/awssdk/utils/2.20.17/utils-2.20.17.jar:/Users/alexandr/.m2/repository/org/reactivestreams/reactive-streams/1.0.3/reactive-streams-1.0.3.jar:/Users/alexandr/.m2/repository/software/amazon/awssdk/profiles/2.20.17/profiles-2.20.17.jar:/Users/alexandr/.m2/repository/software/amazon/awssdk/http-client-spi/2.20.17/http-client-spi-2.20.17.jar:/Users/alexandr/.m2/repository/software/amazon/awssdk/json-utils/2.20.17/json-utils-2.20.17.jar:/Users/alexandr/.m2/repository/software/amazon/awssdk/third-party-jackson-core/2.20.17/third-party-jackson-core-2.20.17.jar:/Users/alexandr/.m2/repository/software/amazon/eventstream/eventstream/1.0.1/eventstream-1.0.1.jar:/Users/alexandr/.m2/repository/software/amazon/awssdk/aws-json-protocol/2.20.17/aws-json-protocol-2.20.17.jar:/Users/alexandr/.m2/repository/software/amazon/awssdk/protocol-core/2.20.17/protocol-core-2.20.17.jar:/Users/alexandr/.m2/repository/software/amazon/awssdk/aws-core/2.20.17/aws-core-2.20.17.jar:/Users/alexandr/.m2/repository/software/amazon/awssdk/metrics-spi/2.20.17/metrics-spi-2.20.17.jar:/Users/alexandr/.m2/repository/software/amazon/awssdk/endpoints-spi/2.20.17/endpoints-spi-2.20.17.jar:/Users/alexandr/.m2/repository/software/amazon/awssdk/apache-client/2.20.17/apache-client-2.20.17.jar:/Users/alexandr/.m2/repository/org/apache/httpcomponents/httpclient/4.5.13/httpclient-4.5.13.jar:/Users/alexandr/.m2/repository/commons-logging/commons-logging/1.2/commons-logging-1.2.jar:/Users/alexandr/.m2/repository/org/apache/httpcomponents/httpcore/4.4.13/httpcore-4.4.13.jar:/Users/alexandr/.m2/repository/commons-codec/commons-codec/1.15/commons-codec-1.15.jar:/Users/alexandr/.m2/repository/software/amazon/awssdk/netty-nio-client/2.20.17/netty-nio-client-2.20.17.jar:/Users/alexandr/.m2/repository/io/netty/netty-codec-http/4.1.86.Final/netty-codec-http-4.1.86.Final.jar:/Users/alexandr/.m2/repository/io/netty/netty-codec-http2/4.1.86.Final/netty-codec-http2-4.1.86.Final.jar:/Users/alexandr/.m2/repository/io/netty/netty-codec/4.1.86.Final/netty-codec-4.1.86.Final.jar:/Users/alexandr/.m2/repository/io/netty/netty-transport/4.1.86.Final/netty-transport-4.1.86.Final.jar:/Users/alexandr/.m2/repository/io/netty/netty-resolver/4.1.86.Final/netty-resolver-4.1.86.Final.jar:/Users/alexandr/.m2/repository/io/netty/netty-common/4.1.86.Final/netty-common-4.1.86.Final.jar:/Users/alexandr/.m2/repository/io/netty/netty-buffer/4.1.86.Final/netty-buffer-4.1.86.Final.jar:/Users/alexandr/.m2/repository/io/netty/netty-handler/4.1.86.Final/netty-handler-4.1.86.Final.jar:/Users/alexandr/.m2/repository/io/netty/netty-transport-native-unix-common/4.1.86.Final/netty-transport-native-unix-common-4.1.86.Final.jar:/Users/alexandr/.m2/repository/io/netty/netty-transport-classes-epoll/4.1.86.Final/netty-transport-classes-epoll-4.1.86.Final.jar:/Users/alexandr/.m2/repository/org/junit/jupiter/junit-jupiter-api/5.9.2/junit-jupiter-api-5.9.2.jar:/Users/alexandr/.m2/repository/org/opentest4j/opentest4j/1.2.0/opentest4j-1.2.0.jar:/Users/alexandr/.m2/repository/org/junit/platform/junit-platform-commons/1.9.2/junit-platform-commons-1.9.2.jar:/Users/alexandr/.m2/repository/org/apiguardian/apiguardian-api/1.1.2/apiguardian-api-1.1.2.jar:/Users/alexandr/.m2/repository/org/mockito/mockito-junit-jupiter/5.1.1/mockito-junit-jupiter-5.1.1.jar:/Users/alexandr/.m2/repository/org/mockito/mockito-core/5.1.1/mockito-core-5.1.1.jar:/Users/alexandr/.m2/repository/net/bytebuddy/byte-buddy/1.12.22/byte-buddy-1.12.22.jar:/Users/alexandr/.m2/repository/net/bytebuddy/byte-buddy-agent/1.12.22/byte-buddy-agent-1.12.22.jar:/Users/alexandr/.m2/repository/org/objenesis/objenesis/3.3/objenesis-3.3.jar:/Users/alexandr/.m2/repository/org/junit/jupiter/junit-jupiter-params/5.9.2/junit-jupiter-params-5.9.2.jar:"/>
    <property name="sun.cpu.endian" value="little"/>
    <property name="user.home" value="/Users/alexandr"/>
    <property name="user.language" value="en"/>
    <property name="java.specification.vendor" value="Oracle Corporation"/>
    <property name="jdk.module.path" value="/Users/alexandr/IdeaProjects/UdaSecutityModules/securityservice/target/classes:/Users/alexandr/.m2/repository/com/google/code/gson/gson/2.10.1/gson-2.10.1.jar:/Users/alexandr/.m2/repository/com/google/guava/guava/31.1-jre/guava-31.1-jre.jar:/Users/alexandr/.m2/repository/com/miglayout/miglayout-swing/11.0/miglayout-swing-11.0.jar:/Users/alexandr/.m2/repository/com/miglayout/miglayout-core/11.0/miglayout-core-11.0.jar:/Users/alexandr/IdeaProjects/UdaSecutityModules/imageservice/target/imageservice-1.0-SNAPSHOT.jar:/Users/alexandr/.m2/repository/org/slf4j/slf4j-api/2.0.6/slf4j-api-2.0.6.jar:/Users/alexandr/.m2/repository/software/amazon/awssdk/auth/2.20.17/auth-2.20.17.jar:/Users/alexandr/.m2/repository/software/amazon/awssdk/sdk-core/2.20.17/sdk-core-2.20.17.jar:/Users/alexandr/.m2/repository/software/amazon/awssdk/regions/2.20.17/regions-2.20.17.jar:/Users/alexandr/.m2/repository/software/amazon/awssdk/rekognition/2.20.17/rekognition-2.20.17.jar"/>
    <property name="java.version.date" value="2022-01-18"/>
    <property name="java.home" value="/Users/alexandr/Library/Java/JavaVirtualMachines/openjdk-17.0.2/Contents/Home"/>
    <property name="file.separator" value="/"/>
    <property name="basedir" value="/Users/alexandr/IdeaProjects/UdaSecutityModules/securityservice"/>
    <property name="java.vm.compressedOopsMode" value="Zero based"/>
    <property name="line.separator" value="&#10;"/>
    <property name="java.vm.specification.vendor" value="Oracle Corporation"/>
    <property name="java.specification.name" value="Java Platform API Specification"/>
    <property name="surefire.real.class.path" value="/Users/alexandr/.m2/repository/org/apache/maven/surefire/surefire-booter/3.0.0-M9/surefire-booter-3.0.0-M9.jar:/Users/alexandr/.m2/repository/org/apache/maven/surefire/surefire-api/3.0.0-M9/surefire-api-3.0.0-M9.jar:/Users/alexandr/.m2/repository/org/apache/maven/surefire/surefire-logger-api/3.0.0-M9/surefire-logger-api-3.0.0-M9.jar:/Users/alexandr/.m2/repository/org/apache/maven/surefire/surefire-shared-utils/3.0.0-M9/surefire-shared-utils-3.0.0-M9.jar:/Users/alexandr/.m2/repository/org/apache/maven/surefire/surefire-extensions-spi/3.0.0-M9/surefire-extensions-spi-3.0.0-M9.jar:/Users/alexandr/IdeaProjects/UdaSecutityModules/securityservice/target/test-classes:/Users/alexandr/.m2/repository/com/google/api/api-common/2.6.2/api-common-2.6.2.jar:/Users/alexandr/.m2/repository/com/google/guava/failureaccess/1.0.1/failureaccess-1.0.1.jar:/Users/alexandr/.m2/repository/com/google/guava/listenablefuture/9999.0-empty-to-avoid-conflict-with-guava/listenablefuture-9999.0-empty-to-avoid-conflict-with-guava.jar:/Users/alexandr/.m2/repository/org/checkerframework/checker-qual/3.12.0/checker-qual-3.12.0.jar:/Users/alexandr/.m2/repository/com/google/j2objc/j2objc-annotations/1.3/j2objc-annotations-1.3.jar:/Users/alexandr/.m2/repository/com/google/auto/value/auto-value-annotations/1.10.1/auto-value-annotations-1.10.1.jar:/Users/alexandr/.m2/repository/com/google/auto/value/auto-value/1.10.1/auto-value-1.10.1.jar:/Users/alexandr/.m2/repository/com/google/code/findbugs/jsr305/3.0.2/jsr305-3.0.2.jar:/Users/alexandr/.m2/repository/javax/annotation/javax.annotation-api/1.3.2/javax.annotation-api-1.3.2.jar:/Users/alexandr/.m2/repository/com/google/errorprone/error_prone_annotations/2.18.0/error_prone_annotations-2.18.0.jar:/Users/alexandr/.m2/repository/software/amazon/awssdk/annotations/2.20.17/annotations-2.20.17.jar:/Users/alexandr/.m2/repository/software/amazon/awssdk/utils/2.20.17/utils-2.20.17.jar:/Users/alexandr/.m2/repository/org/reactivestreams/reactive-streams/1.0.3/reactive-streams-1.0.3.jar:/Users/alexandr/.m2/repository/software/amazon/awssdk/profiles/2.20.17/profiles-2.20.17.jar:/Users/alexandr/.m2/repository/software/amazon/awssdk/http-client-spi/2.20.17/http-client-spi-2.20.17.jar:/Users/alexandr/.m2/repository/software/amazon/awssdk/json-utils/2.20.17/json-utils-2.20.17.jar:/Users/alexandr/.m2/repository/software/amazon/awssdk/third-party-jackson-core/2.20.17/third-party-jackson-core-2.20.17.jar:/Users/alexandr/.m2/repository/software/amazon/eventstream/eventstream/1.0.1/eventstream-1.0.1.jar:/Users/alexandr/.m2/repository/software/amazon/awssdk/aws-json-protocol/2.20.17/aws-json-protocol-2.20.17.jar:/Users/alexandr/.m2/repository/software/amazon/awssdk/protocol-core/2.20.17/protocol-core-2.20.17.jar:/Users/alexandr/.m2/repository/software/amazon/awssdk/aws-core/2.20.17/aws-core-2.20.17.jar:/Users/alexandr/.m2/repository/software/amazon/awssdk/metrics-spi/2.20.17/metrics-spi-2.20.17.jar:/Users/alexandr/.m2/repository/software/amazon/awssdk/endpoints-spi/2.20.17/endpoints-spi-2.20.17.jar:/Users/alexandr/.m2/repository/software/amazon/awssdk/apache-client/2.20.17/apache-client-2.20.17.jar:/Users/alexandr/.m2/repository/org/apache/httpcomponents/httpclient/4.5.13/httpclient-4.5.13.jar:/Users/alexandr/.m2/repository/commons-logging/commons-logging/1.2/commons-logging-1.2.jar:/Users/alexandr/.m2/repository/org/apache/httpcomponents/httpcore/4.4.13/httpcore-4.4.13.jar:/Users/alexandr/.m2/repository/commons-codec/commons-codec/1.15/commons-codec-1.15.jar:/Users/alexandr/.m2/repository/software/amazon/awssdk/netty-nio-client/2.20.17/netty-nio-client-2.20.17.jar:/Users/alexandr/.m2/repository/io/netty/netty-codec-http/4.1.86.Final/netty-codec-http-4.1.86.Final.jar:/Users/alexandr/.m2/repository/io/netty/netty-codec-http2/4.1.86.Final/netty-codec-http2-4.1.86.Final.jar:/Users/alexandr/.m2/repository/io/netty/netty-codec/4.1.86.Final/netty-codec-4.1.86.Final.jar:/Users/alexandr/.m2/repository/io/netty/netty-transport/4.1.86.Final/netty-transport-4.1.86.Final.jar:/Users/alexandr/.m2/repository/io/netty/netty-resolver/4.1.86.Final/netty-resolver-4.1.86.Final.jar:/Users/alexandr/.m2/repository/io/netty/netty-common/4.1.86.Final/netty-common-4.1.86.Final.jar:/Users/alexandr/.m2/repository/io/netty/netty-buffer/4.1.86.Final/netty-buffer-4.1.86.Final.jar:/Users/alexandr/.m2/repository/io/netty/netty-handler/4.1.86.Final/netty-handler-4.1.86.Final.jar:/Users/alexandr/.m2/repository/io/netty/netty-transport-native-unix-common/4.1.86.Final/netty-transport-native-unix-common-4.1.86.Final.jar:/Users/alexandr/.m2/repository/io/netty/netty-transport-classes-epoll/4.1.86.Final/netty-transport-classes-epoll-4.1.86.Final.jar:/Users/alexandr/.m2/repository/org/junit/jupiter/junit-jupiter-api/5.9.2/junit-jupiter-api-5.9.2.jar:/Users/alexandr/.m2/repository/org/opentest4j/opentest4j/1.2.0/opentest4j-1.2.0.jar:/Users/alexandr/.m2/repository/org/junit/platform/junit-platform-commons/1.9.2/junit-platform-commons-1.9.2.jar:/Users/alexandr/.m2/repository/org/apiguardian/apiguardian-api/1.1.2/apiguardian-api-1.1.2.jar:/Users/alexandr/.m2/repository/org/mockito/mockito-junit-jupiter/5.1.1/mockito-junit-jupiter-5.1.1.jar:/Users/alexandr/.m2/repository/org/mockito/mockito-core/5.1.1/mockito-core-5.1.1.jar:/Users/alexandr/.m2/repository/net/bytebuddy/byte-buddy/1.12.22/byte-buddy-1.12.22.jar:/Users/alexandr/.m2/repository/net/bytebuddy/byte-buddy-agent/1.12.22/byte-buddy-agent-1.12.22.jar:/Users/alexandr/.m2/repository/org/objenesis/objenesis/3.3/objenesis-3.3.jar:/Users/alexandr/.m2/repository/org/junit/jupiter/junit-jupiter-params/5.9.2/junit-jupiter-params-5.9.2.jar:/Users/alexandr/.m2/repository/org/apache/maven/surefire/surefire-junit-platform/3.0.0-M9/surefire-junit-platform-3.0.0-M9.jar:/Users/alexandr/.m2/repository/org/apache/maven/surefire/common-java5/3.0.0-M9/common-java5-3.0.0-M9.jar:/Users/alexandr/.m2/repository/org/junit/platform/junit-platform-launcher/1.9.2/junit-platform-launcher-1.9.2.jar:/Users/alexandr/.m2/repository/org/junit/platform/junit-platform-engine/1.9.2/junit-platform-engine-1.9.2.jar:/Users/alexandr/.m2/repository/org/junit/jupiter/junit-jupiter-engine/5.9.2/junit-jupiter-engine-5.9.2.jar"/>
    <property name="sun.management.compiler" value="HotSpot 64-Bit Tiered Compilers"/>
    <property name="java.runtime.version" value="17.0.2+8-86"/>
    <property name="user.name" value="alexandr"/>
    <property name="path.separator" value=":"/>
    <property name="os.version" value="13.1"/>
    <property name="java.runtime.name" value="OpenJDK Runtime Environment"/>
    <property name="file.encoding" value="UTF-8"/>
    <property name="java.vm.name" value="OpenJDK 64-Bit Server VM"/>
    <property name="localRepository" value="/Users/alexandr/.m2/repository"/>
    <property name="java.vendor.url.bug" value="https://bugreport.java.com/bugreport/"/>
    <property name="java.io.tmpdir" value="/var/folders/cq/v6j20h_s091gpw4_k57x1pb00000gn/T/"/>
    <property name="idea.version" value="2022.3.2"/>
    <property name="java.version" value="17.0.2"/>
    <property name="user.dir" value="/Users/alexandr/IdeaProjects/UdaSecutityModules/securityservice"/>
    <property name="os.arch" value="x86_64"/>
    <property name="java.vm.specification.name" value="Java Virtual Machine Specification"/>
    <property name="native.encoding" value="UTF-8"/>
    <property name="java.library.path" value="/Users/alexandr/Library/Java/Extensions:/Library/Java/Extensions:/Network/Library/Java/Extensions:/System/Library/Java/Extensions:/usr/lib/java:."/>
    <property name="java.vm.info" value="mixed mode"/>
    <property name="java.vendor" value="Oracle Corporation"/>
    <property name="java.vm.version" value="17.0.2+8-86"/>
    <property name="sun.io.unicode.encoding" value="UnicodeBig"/>
    <property name="java.class.version" value="61.0"/>
  </properties>
  <testcase name="changeSensorActivationStatus_no_alarm_sensor_inactive" classname="com.udacity.catpoint.application.SecurityServiceTest" time="1.385"/>
  <testcase name="changeSensorActivation_while_already_active_system_from_pending_to_alarm_is_not_alarm(RepetitionInfo)[1]" classname="com.udacity.catpoint.application.SecurityServiceTest" time="0.026"/>
  <testcase name="changeSensorActivation_while_already_active_system_from_pending_to_alarm_is_not_alarm(RepetitionInfo)[2]" classname="com.udacity.catpoint.application.SecurityServiceTest" time="0.006"/>
  <testcase name="changeSensorActivation_while_already_active_system_from_pending_to_alarm_is_not_alarm(RepetitionInfo)[3]" classname="com.udacity.catpoint.application.SecurityServiceTest" time="0.009"/>
  <testcase name="changeSensorActivationStatus_inactive_sensor_to_inactive_no_state_changes" classname="com.udacity.catpoint.application.SecurityServiceTest" time="0.007"/>
  <testcase name="changeSensorActivationStatus_inactive_sensor_to_inactive_no_state_changes" classname="com.udacity.catpoint.application.SecurityServiceTest" time="0.026"/>
  <testcase name="changeSensorActivationStatus_inactive_sensor_to_inactive_no_state_changes" classname="com.udacity.catpoint.application.SecurityServiceTest" time="0.012"/>
  <testcase name="changeSensorActivationStatus_pending_sensor_active(ArmingStatus)[1]" classname="com.udacity.catpoint.application.SecurityServiceTest" time="0.038"/>
  <testcase name="changeSensorActivationStatus_pending_sensor_active(ArmingStatus)[2]" classname="com.udacity.catpoint.application.SecurityServiceTest" time="0.006"/>
  <testcase name="system_armed_home_while_camera_does_not_show_cat_set_status_alarm(ArmingStatus, AlarmStatus)[1]" classname="com.udacity.catpoint.application.SecurityServiceTest" time="0.046"/>
  <testcase name="system_armed_home_while_camera_does_not_show_cat_set_status_alarm(ArmingStatus, AlarmStatus)[2]" classname="com.udacity.catpoint.application.SecurityServiceTest" time="0.011"/>
  <testcase name="system_armed_home_while_camera_does_not_show_cat_set_status_alarm(ArmingStatus, AlarmStatus)[3]" classname="com.udacity.catpoint.application.SecurityServiceTest" time="0.007"/>
  <testcase name="detection_cat_while_system_deactivated" classname="com.udacity.catpoint.application.SecurityServiceTest" time="0.009"/>
  <testcase name="changeSensorActivationStatus_inactive_sensor_to_inactive_no_state_changes_changes_alarm_states(AlarmStatus)[1]" classname="com.udacity.catpoint.application.SecurityServiceTest" time="0.026"/>
  <testcase name="changeSensorActivationStatus_inactive_sensor_to_inactive_no_state_changes_changes_alarm_states(AlarmStatus)[2]" classname="com.udacity.catpoint.application.SecurityServiceTest" time="0.01"/>
  <testcase name="changeSensorActivationStatus_inactive_sensor_to_inactive_no_state_changes_changes_alarm_states(AlarmStatus)[3]" classname="com.udacity.catpoint.application.SecurityServiceTest" time="0.014"/>
  <testcase name="cat_not_found_and_inactive_sensors" classname="com.udacity.catpoint.application.SecurityServiceTest" time="0.006"/>
  <testcase name="changeSensorActivationStatus_alarm_sensor_active(ArmingStatus)[1]" classname="com.udacity.catpoint.application.SecurityServiceTest" time="0.006"/>
  <testcase name="changeSensorActivationStatus_alarm_sensor_active(ArmingStatus)[2]" classname="com.udacity.catpoint.application.SecurityServiceTest" time="0.002"/>
  <testcase name="changeSensorActivation_is_not_affect_alarm_state" classname="com.udacity.catpoint.application.SecurityServiceTest" time="0.006"/>
  <testcase name="change_state_after_cat_and_armed_away_state" classname="com.udacity.catpoint.application.SecurityServiceTest" time="0.009"/>
  <testcase name="detection_cat_while_system_at_home" classname="com.udacity.catpoint.application.SecurityServiceTest" time="0.006"/>
  <testcase name="system_is_not_armed_is_not_alarm(AlarmStatus)[1]" classname="com.udacity.catpoint.application.SecurityServiceTest" time="0.003"/>
  <testcase name="system_is_not_armed_is_not_alarm(AlarmStatus)[2]" classname="com.udacity.catpoint.application.SecurityServiceTest" time="0.007"/>
  <testcase name="system_is_disarmed_all_sensors_inactive(ArmingStatus)[1]" classname="com.udacity.catpoint.application.SecurityServiceTest" time="0.006"/>
  <testcase name="system_is_disarmed_all_sensors_inactive(ArmingStatus)[2]" classname="com.udacity.catpoint.application.SecurityServiceTest" time="0.009"/>
  <testcase name="changeSensorActivation_while_already_active_system_from_pending_to_alarm_is_alarm" classname="com.udacity.catpoint.application.SecurityServiceTest" time="0.004"/>
</testsuite>